<?xml version="1.0" encoding="UTF-8"?>
<!-- Generated by org.testng.reporters.JUnitReportReporter -->
<testsuite hostname="Yousefs-MacBook-Pro.local" failures="0" tests="3" name="scripts.Cars_Dot_Com_Test" time="102.462" errors="0" timestamp="2022-06-07T01:13:02 CDT" skipped="0">
  <testcase classname="scripts.Cars_Dot_Com_Test" name="signInForm" time="32.126"/>
  <system-out/>
  <testcase classname="scripts.Cars_Dot_Com_Test" name="validateSignInPageSocialMediaSection" time="33.887"/>
  <system-out/>
  <testcase classname="scripts.Cars_Dot_Com_Test" name="canNotSignIn" time="36.449"/>
  <system-out/>
</testsuite> <!-- scripts.Cars_Dot_Com_Test -->
